2024-02-10 18:54:51,967 INFO o.a.j.u.JMeterUtils: Setting Locale to en_EN
2024-02-10 18:54:52,167 INFO o.a.j.JMeter: Loading user properties from: /home/linuxbrew/.linuxbrew/Cellar/jmeter/5.6.3/libexec/bin/user.properties
2024-02-10 18:54:52,175 INFO o.a.j.JMeter: Loading system properties from: /home/linuxbrew/.linuxbrew/Cellar/jmeter/5.6.3/libexec/bin/system.properties
2024-02-10 18:54:52,223 INFO o.a.j.JMeter: Copyright (c) 1998-2024 The Apache Software Foundation
2024-02-10 18:54:52,223 INFO o.a.j.JMeter: Version 5.6.3
2024-02-10 18:54:52,223 INFO o.a.j.JMeter: java.version=21.0.2
2024-02-10 18:54:52,223 INFO o.a.j.JMeter: java.vm.name=OpenJDK 64-Bit Server VM
2024-02-10 18:54:52,224 INFO o.a.j.JMeter: os.name=Linux
2024-02-10 18:54:52,224 INFO o.a.j.JMeter: os.arch=amd64
2024-02-10 18:54:52,224 INFO o.a.j.JMeter: os.version=5.15.0-91-generic
2024-02-10 18:54:52,224 INFO o.a.j.JMeter: file.encoding=UTF-8
2024-02-10 18:54:52,224 INFO o.a.j.JMeter: java.awt.headless=null
2024-02-10 18:54:52,225 INFO o.a.j.JMeter: Max memory     =1073741824
2024-02-10 18:54:52,225 INFO o.a.j.JMeter: Available Processors =8
2024-02-10 18:54:52,270 INFO o.a.j.JMeter: Default Locale=English (EN)
2024-02-10 18:54:52,271 INFO o.a.j.JMeter: JMeter  Locale=English (EN)
2024-02-10 18:54:52,271 INFO o.a.j.JMeter: JMeterHome=/home/linuxbrew/.linuxbrew/Cellar/jmeter/5.6.3/libexec
2024-02-10 18:54:52,271 INFO o.a.j.JMeter: user.dir  =/home/dahsage3
2024-02-10 18:54:52,271 INFO o.a.j.JMeter: PWD       =/home/dahsage3
2024-02-10 18:54:52,271 INFO o.a.j.JMeter: IP: 127.0.1.1 Name: DaMachine3 FullName: DaMachine3
2024-02-10 18:54:52,355 INFO o.a.j.JMeter: Loaded icon properties from org/apache/jmeter/images/icon.properties
2024-02-10 18:54:59,199 INFO o.a.j.JMeterGuiLauncher: Setting LAF to: com.github.weisj.darklaf.DarkLaf:com.github.weisj.darklaf.theme.DarculaTheme
2024-02-10 18:55:12,596 INFO o.a.j.r.ClassFinder: Will scan jar /home/linuxbrew/.linuxbrew/Cellar/jmeter/5.6.3/libexec/lib/ext/jmeter-plugins-manager-1.10.jar with filter ExtendsClassFilter [parents=[interface org.apache.jmeter.gui.action.Command], inner=false, contains=null, notContains=null]. Consider exposing JMeter plugins via META-INF/services, and add JMeter-Skip-Class-Scanning=true manifest attribute so JMeter can skip classfile scanning
2024-02-10 18:55:13,168 INFO o.a.j.r.ClassFinder: Will scan jar /home/linuxbrew/.linuxbrew/Cellar/jmeter/5.6.3/libexec/lib/ext/jmeter-plugins-manager-1.10.jar with filter ExtendsClassFilter [parents=[interface org.apache.jmeter.gui.plugin.MenuCreator], inner=false, contains=null, notContains=null]. Consider exposing JMeter plugins via META-INF/services, and add JMeter-Skip-Class-Scanning=true manifest attribute so JMeter can skip classfile scanning
2024-02-10 18:55:13,646 INFO o.j.r.JARSourceHTTP: Requesting https://jmeter-plugins.org/repo/?installID=linux-1c62b3168a393d8e97de8c2a8506bd13-gui
2024-02-10 18:55:18,616 INFO o.j.r.PluginManager: Plugins Status: [jpgc-plugins-manager=1.10, jmeter-core=5.6.3, jmeter-ftp=5.6.3, jmeter-http=5.6.3, jmeter-jdbc=5.6.3, jmeter-jms=5.6.3, jmeter-junit=5.6.3, jmeter-java=5.6.3, jmeter-ldap=5.6.3, jmeter-mail=5.6.3, jmeter-mongodb=5.6.3, jmeter-native=5.6.3, jmeter-tcp=5.6.3, jmeter-components=5.6.3]
2024-02-10 18:58:19,584 INFO o.a.j.s.FileServer: Default base='/home/dahsage3'
2024-02-10 18:58:19,589 INFO o.a.j.g.a.Load: Loading file: /home/dahsage3/eegrOrg/eegrOsPrac/azNotes/p3files/test_HTTP Request.jmx
2024-02-10 18:58:19,589 INFO o.a.j.s.FileServer: Set new base='/home/dahsage3/eegrOrg/eegrOsPrac/azNotes/p3files'
2024-02-10 18:58:19,996 INFO o.a.j.s.SaveService: Testplan (JMX) version: 2.2. Testlog (JTL) version: 2.2
2024-02-10 18:58:20,026 INFO o.a.j.s.SaveService: Using SaveService properties version 5.0
2024-02-10 18:58:20,028 INFO o.a.j.s.SaveService: Using SaveService properties file encoding UTF-8
2024-02-10 18:58:20,030 INFO o.a.j.s.SaveService: Loading file: /home/dahsage3/eegrOrg/eegrOsPrac/azNotes/p3files/test_HTTP Request.jmx
2024-02-10 18:58:20,282 INFO o.a.j.p.h.s.HTTPSamplerBase: Parser for text/html is org.apache.jmeter.protocol.http.parser.LagartoBasedHtmlParser
2024-02-10 18:58:20,282 INFO o.a.j.p.h.s.HTTPSamplerBase: Parser for application/xhtml+xml is org.apache.jmeter.protocol.http.parser.LagartoBasedHtmlParser
2024-02-10 18:58:20,283 INFO o.a.j.p.h.s.HTTPSamplerBase: Parser for application/xml is org.apache.jmeter.protocol.http.parser.LagartoBasedHtmlParser
2024-02-10 18:58:20,283 INFO o.a.j.p.h.s.HTTPSamplerBase: Parser for text/xml is org.apache.jmeter.protocol.http.parser.LagartoBasedHtmlParser
2024-02-10 18:58:20,283 INFO o.a.j.p.h.s.HTTPSamplerBase: Parser for text/vnd.wap.wml is org.apache.jmeter.protocol.http.parser.RegexpHTMLParser
2024-02-10 18:58:20,283 INFO o.a.j.p.h.s.HTTPSamplerBase: Parser for text/css is org.apache.jmeter.protocol.http.parser.CssParser
2024-02-10 18:58:20,691 INFO o.a.j.s.SampleResult: Note: Sample TimeStamps are START times
2024-02-10 18:58:20,692 INFO o.a.j.s.SampleResult: sampleresult.default.encoding is set to UTF-8
2024-02-10 18:58:20,692 INFO o.a.j.s.SampleResult: sampleresult.useNanoTime=true
2024-02-10 18:58:20,692 INFO o.a.j.s.SampleResult: sampleresult.nanoThreadSleep=5000
2024-02-10 18:58:20,909 INFO o.a.j.r.ClassFinder: Will scan jar /home/linuxbrew/.linuxbrew/Cellar/jmeter/5.6.3/libexec/lib/ext/jmeter-plugins-manager-1.10.jar with filter ExtendsClassFilter [parents=[interface org.apache.jmeter.visualizers.ResultRenderer], inner=false, contains=null, notContains=null]. Consider exposing JMeter plugins via META-INF/services, and add JMeter-Skip-Class-Scanning=true manifest attribute so JMeter can skip classfile scanning
2024-02-10 18:58:20,932 INFO o.a.j.r.ClassFinder: Will scan jar /home/linuxbrew/.linuxbrew/Cellar/jmeter/5.6.3/libexec/lib/ext/jmeter-plugins-manager-1.10.jar with filter ExtendsClassFilter [parents=[interface org.apache.jmeter.visualizers.RequestView], inner=false, contains=null, notContains=null]. Consider exposing JMeter plugins via META-INF/services, and add JMeter-Skip-Class-Scanning=true manifest attribute so JMeter can skip classfile scanning
2024-02-10 18:58:21,020 INFO o.a.j.s.FileServer: Set new base='/home/dahsage3/eegrOrg/eegrOsPrac/azNotes/p3files'
2024-02-12 03:55:31,060 INFO o.a.j.e.StandardJMeterEngine: Running the test!
2024-02-12 03:55:31,795 INFO o.a.j.s.SampleEvent: List of sample_variables: []
2024-02-12 03:55:31,795 INFO o.a.j.s.SampleEvent: List of sample_variables: []
2024-02-12 03:55:32,106 INFO o.a.j.e.u.CompoundVariable: Note: Function class names must contain the string: '.functions.'
2024-02-12 03:55:32,106 INFO o.a.j.e.u.CompoundVariable: Note: Function class names must not contain the string: '.gui.'
2024-02-12 03:55:44,562 INFO o.a.j.r.ClassFinder: Will scan jar /home/linuxbrew/.linuxbrew/Cellar/jmeter/5.6.3/libexec/lib/ext/jmeter-plugins-manager-1.10.jar with filter ExtendsClassFilter [parents=[interface org.apache.jmeter.functions.Function], inner=false, contains=null, notContains=null]. Consider exposing JMeter plugins via META-INF/services, and add JMeter-Skip-Class-Scanning=true manifest attribute so JMeter can skip classfile scanning
2024-02-12 03:55:45,497 INFO o.a.j.g.u.JMeterMenuBar: setRunning(true, *local*)
2024-02-12 03:55:59,823 INFO o.a.j.e.StandardJMeterEngine: Starting ThreadGroup: 1 : Thread Group
2024-02-12 03:55:59,824 INFO o.a.j.e.StandardJMeterEngine: Starting 10 threads for group Thread Group.
2024-02-12 03:55:59,824 INFO o.a.j.e.StandardJMeterEngine: Thread will continue on error
2024-02-12 03:55:59,824 INFO o.a.j.t.ThreadGroup: Starting thread group... number=1 threads=10 ramp-up=1 delayedStart=false
2024-02-12 03:55:59,898 INFO o.a.j.t.ThreadGroup: Started thread group number 1
2024-02-12 03:55:59,898 INFO o.a.j.e.StandardJMeterEngine: All thread groups have been started
2024-02-12 03:55:59,919 INFO o.a.j.t.JMeterThread: Thread started: Thread Group 1-1
2024-02-12 03:55:59,950 INFO o.a.j.t.JMeterThread: Thread started: Thread Group 1-2
2024-02-12 03:56:00,049 INFO o.a.j.t.JMeterThread: Thread started: Thread Group 1-3
2024-02-12 03:56:00,149 INFO o.a.j.t.JMeterThread: Thread started: Thread Group 1-4
2024-02-12 03:56:00,248 INFO o.a.j.t.JMeterThread: Thread started: Thread Group 1-5
2024-02-12 03:56:00,348 INFO o.a.j.t.JMeterThread: Thread started: Thread Group 1-6
2024-02-12 03:56:00,447 INFO o.a.j.t.JMeterThread: Thread started: Thread Group 1-7
2024-02-12 03:56:00,496 INFO o.a.j.p.h.s.HTTPHCAbstractImpl: Local host = DaMachine3
2024-02-12 03:56:00,546 INFO o.a.j.t.JMeterThread: Thread started: Thread Group 1-8
2024-02-12 03:56:00,572 INFO o.a.j.p.h.s.HTTPHC4Impl: HTTP request retry count = 0
2024-02-12 03:56:00,646 INFO o.a.j.t.JMeterThread: Thread started: Thread Group 1-9
2024-02-12 03:56:00,745 INFO o.a.j.t.JMeterThread: Thread started: Thread Group 1-10
2024-02-12 03:56:01,122 INFO o.a.j.p.h.s.h.LazyLayeredConnectionSocketFactory: Setting up HTTPS TrustAll Socket Factory
2024-02-12 03:56:01,144 INFO o.a.j.u.JsseSSLManager: Using default SSL protocol: TLS
2024-02-12 03:56:01,144 INFO o.a.j.u.JsseSSLManager: SSL session context: per-thread
2024-02-12 03:56:01,253 INFO o.a.j.u.SSLManager: JmeterKeyStore Location:  type JKS
2024-02-12 03:56:01,258 INFO o.a.j.u.SSLManager: KeyStore created OK
2024-02-12 03:56:01,259 WARN o.a.j.u.SSLManager: Keystore file not found, loading empty keystore
2024-02-12 03:56:01,834 INFO o.a.j.t.JMeterThread: Thread is done: Thread Group 1-2
2024-02-12 03:56:01,834 INFO o.a.j.t.JMeterThread: Thread is done: Thread Group 1-4
2024-02-12 03:56:01,834 INFO o.a.j.t.JMeterThread: Thread is done: Thread Group 1-5
2024-02-12 03:56:01,835 INFO o.a.j.t.JMeterThread: Thread finished: Thread Group 1-2
2024-02-12 03:56:01,834 INFO o.a.j.t.JMeterThread: Thread is done: Thread Group 1-9
2024-02-12 03:56:01,835 INFO o.a.j.t.JMeterThread: Thread is done: Thread Group 1-3
2024-02-12 03:56:01,835 INFO o.a.j.t.JMeterThread: Thread finished: Thread Group 1-9
2024-02-12 03:56:01,835 INFO o.a.j.t.JMeterThread: Thread finished: Thread Group 1-5
2024-02-12 03:56:01,835 INFO o.a.j.t.JMeterThread: Thread is done: Thread Group 1-1
2024-02-12 03:56:01,835 INFO o.a.j.t.JMeterThread: Thread is done: Thread Group 1-7
2024-02-12 03:56:01,835 INFO o.a.j.t.JMeterThread: Thread finished: Thread Group 1-1
2024-02-12 03:56:01,835 INFO o.a.j.t.JMeterThread: Thread is done: Thread Group 1-10
2024-02-12 03:56:01,835 INFO o.a.j.t.JMeterThread: Thread finished: Thread Group 1-4
2024-02-12 03:56:01,835 INFO o.a.j.t.JMeterThread: Thread finished: Thread Group 1-3
2024-02-12 03:56:01,835 INFO o.a.j.t.JMeterThread: Thread finished: Thread Group 1-7
2024-02-12 03:56:01,836 INFO o.a.j.t.JMeterThread: Thread finished: Thread Group 1-10
2024-02-12 03:56:01,836 INFO o.a.j.t.JMeterThread: Thread is done: Thread Group 1-6
2024-02-12 03:56:01,836 INFO o.a.j.t.JMeterThread: Thread finished: Thread Group 1-6
2024-02-12 03:56:01,836 INFO o.a.j.t.JMeterThread: Thread is done: Thread Group 1-8
2024-02-12 03:56:01,837 INFO o.a.j.t.JMeterThread: Thread finished: Thread Group 1-8
2024-02-12 03:56:01,872 INFO o.a.j.e.StandardJMeterEngine: Notifying test listeners of end of test
2024-02-12 03:56:01,900 INFO o.a.j.g.u.JMeterMenuBar: setRunning(false, *local*)
